0 info it worked if it ends with ok
1 verbose cli [ '/usr/bin/nodejs',
1 verbose cli   '/usr/bin/npm',
1 verbose cli   'run',
1 verbose cli   'babel-node',
1 verbose cli   '--',
1 verbose cli   'src/bin/baranin-games.js' ]
2 info using npm@3.10.10
3 info using node@v6.10.3
4 verbose run-script [ 'prebabel-node', 'babel-node', 'postbabel-node' ]
5 info lifecycle baranin-games@0.0.1~prebabel-node: baranin-games@0.0.1
6 silly lifecycle baranin-games@0.0.1~prebabel-node: no script for prebabel-node, continuing
7 info lifecycle baranin-games@0.0.1~babel-node: baranin-games@0.0.1
8 verbose lifecycle baranin-games@0.0.1~babel-node: unsafe-perm in lifecycle true
9 verbose lifecycle baranin-games@0.0.1~babel-node: PATH: /usr/lib/node_modules/npm/bin/node-gyp-bin:/home/maxim/Project/brainGames/node_modules/.bin:/home/maxim/Project/brainGames/src/bin:/home/maxim/miniconda3/bin:/usr/local/bin:/usr/bin:/bin:/usr/local/games:/usr/games
10 verbose lifecycle baranin-games@0.0.1~babel-node: CWD: /home/maxim/Project/brainGames
11 silly lifecycle baranin-games@0.0.1~babel-node: Args: [ '-c', 'babel-node "src/bin/baranin-games.js"' ]
12 silly lifecycle baranin-games@0.0.1~babel-node: Returned: code: 1  signal: null
13 info lifecycle baranin-games@0.0.1~babel-node: Failed to exec babel-node script
14 verbose stack Error: baranin-games@0.0.1 babel-node: `babel-node "src/bin/baranin-games.js"`
14 verbose stack Exit status 1
14 verbose stack     at EventEmitter.<anonymous> (/usr/lib/node_modules/npm/lib/utils/lifecycle.js:255:16)
14 verbose stack     at emitTwo (events.js:106:13)
14 verbose stack     at EventEmitter.emit (events.js:191:7)
14 verbose stack     at ChildProcess.<anonymous> (/usr/lib/node_modules/npm/lib/utils/spawn.js:40:14)
14 verbose stack     at emitTwo (events.js:106:13)
14 verbose stack     at ChildProcess.emit (events.js:191:7)
14 verbose stack     at maybeClose (internal/child_process.js:886:16)
14 verbose stack     at Process.ChildProcess._handle.onexit (internal/child_process.js:226:5)
15 verbose pkgid baranin-games@0.0.1
16 verbose cwd /home/maxim/Project/brainGames
17 error Linux 3.16.0-4-amd64
18 error argv "/usr/bin/nodejs" "/usr/bin/npm" "run" "babel-node" "--" "src/bin/baranin-games.js"
19 error node v6.10.3
20 error npm  v3.10.10
21 error code ELIFECYCLE
22 error baranin-games@0.0.1 babel-node: `babel-node "src/bin/baranin-games.js"`
22 error Exit status 1
23 error Failed at the baranin-games@0.0.1 babel-node script 'babel-node "src/bin/baranin-games.js"'.
23 error Make sure you have the latest version of node.js and npm installed.
23 error If you do, this is most likely a problem with the baranin-games package,
23 error not with npm itself.
23 error Tell the author that this fails on your system:
23 error     babel-node "src/bin/baranin-games.js"
23 error You can get information on how to open an issue for this project with:
23 error     npm bugs baranin-games
23 error Or if that isn't available, you can get their info via:
23 error     npm owner ls baranin-games
23 error There is likely additional logging output above.
24 verbose exit [ 1, true ]
